<?xml version="1.0" encoding="UTF-8"?>
<!-- Generated by org.testng.reporters.JUnitReportReporter -->
<testsuite hostname="DESKTOP-7HJ7J4N" name="trivagoin.TrivagoTests" tests="1" failures="0" timestamp="20 Mar 2018 05:52:29 GMT" time="204.703" errors="0">
  <testcase name="testBookingUntilCancelHotelRoom" time="204.703" classname="trivagoin.TrivagoTests"/>
</testsuite> <!-- trivagoin.TrivagoTests -->
