<?xml version="1.0" encoding="UTF-8"?>
<!-- Generated by org.testng.reporters.JUnitReportReporter -->
<testsuite hostname="DESKTOP-7HJ7J4N" name="trivagoin.test" tests="1" failures="0" timestamp="16 Mar 2018 10:23:39 GMT" time="0.013" errors="0">
  <testcase name="test" time="0.013" classname="trivagoin.test"/>
</testsuite> <!-- trivagoin.test -->
