<?xml version="1.0" encoding="UTF-8"?>
<!-- Generated by org.testng.reporters.JUnitReportReporter -->
<testsuite hostname="DESKTOP-7HJ7J4N" name="trivagoin.TrivagoTests" tests="1" failures="0" timestamp="18 Mar 2018 15:59:30 GMT" time="160.882" errors="0">
  <testcase name="testBookingUntilCancelHotelRoom" time="160.882" classname="trivagoin.TrivagoTests"/>
</testsuite> <!-- trivagoin.TrivagoTests -->
